<?xml version="1.0" encoding="UTF-8"?>
<!-- Generated by org.testng.reporters.JUnitXMLReporter -->
<testsuite ignored="0" hostname="Baek" failures="0" tests="8" name="Tranggle_App" time="204.487" errors="0" timestamp="2023-09-10T21:25:29 KST">
  <testcase classname="Tranggle_App.App_Permission_Check" name="App_Permission_Check_Test" time="38.888"/>
  <testcase classname="Tranggle_App.App_Run" name="App_Run_Test" time="1.505"/>
  <testcase classname="Tranggle_App.Normal_Login" name="Normal_Login_Test" time="9.915"/>
  <testcase classname="Tranggle_App.Front_Popup_Close" name="Front_Popup_Close_Test" time="10.757"/>
  <testcase classname="Tranggle_App.Do_not_Watch_Front_Popup_Check" name="Do_not_Watch_Front_Popup_Check_Test" time="23.086"/>
  <testcase classname="Tranggle_App.Naver_Login" name="Naver_Login_Test" time="14.008"/>
  <testcase classname="Tranggle_App.Kakao_Login" name="Kakao_Login_Test" time="14.338"/>
  <testcase classname="Tranggle_App.Tranggle_Exercise_Move" name="Tranggle_Exercise_Move_Test" time="15.696"/>
</testsuite> <!-- Tranggle_App -->
