<?xml version="1.0" encoding="UTF-8"?>
<testng-results ignored="0" total="7" passed="7" failed="0" skipped="0">
  <reporter-output>
  </reporter-output>
  <suite started-at="2023-09-02T19:55:53 KST" name="All Test Suite" finished-at="2023-09-02T19:59:08 KST" duration-ms="194316">
    <groups>
    </groups>
    <test started-at="2023-09-02T19:55:53 KST" name="Tranggle_App" finished-at="2023-09-02T19:59:08 KST" duration-ms="194316">
      <class name="Tranggle_App.Naver_Login">
        <test-method is-config="true" signature="SetDriver()[pri:0, instance:Tranggle_App.Naver_Login@272113c4]" started-at="2023-09-02T19:58:26 KST" name="SetDriver" finished-at="2023-09-02T19:58:32 KST" duration-ms="5908" status="PASS">
          <reporter-output>
          </reporter-output>
        </test-method> <!-- SetDriver -->
        <test-method signature="Naver_Login_Test()[pri:0, instance:Tranggle_App.Naver_Login@272113c4]" started-at="2023-09-02T19:58:32 KST" name="Naver_Login_Test" finished-at="2023-09-02T19:58:47 KST" duration-ms="15011" status="PASS">
          <reporter-output>
          </reporter-output>
        </test-method> <!-- Naver_Login_Test -->
        <test-method is-config="true" signature="EndDriver()[pri:0, instance:Tranggle_App.Naver_Login@272113c4]" started-at="2023-09-02T19:58:47 KST" name="EndDriver" finished-at="2023-09-02T19:58:47 KST" duration-ms="347" status="PASS">
          <reporter-output>
          </reporter-output>
        </test-method> <!-- EndDriver -->
      </class> <!-- Tranggle_App.Naver_Login -->
      <class name="Tranggle_App.Normal_Login">
        <test-method is-config="true" signature="SetDriver()[pri:0, instance:Tranggle_App.Normal_Login@273e7444]" started-at="2023-09-02T19:57:16 KST" name="SetDriver" finished-at="2023-09-02T19:57:22 KST" duration-ms="5886" status="PASS">
          <reporter-output>
          </reporter-output>
        </test-method> <!-- SetDriver -->
        <test-method signature="Normal_Login_Test()[pri:0, instance:Tranggle_App.Normal_Login@273e7444]" started-at="2023-09-02T19:57:22 KST" name="Normal_Login_Test" finished-at="2023-09-02T19:57:33 KST" duration-ms="11317" status="PASS">
          <reporter-output>
          </reporter-output>
        </test-method> <!-- Normal_Login_Test -->
        <test-method is-config="true" signature="EndDriver()[pri:0, instance:Tranggle_App.Normal_Login@273e7444]" started-at="2023-09-02T19:57:33 KST" name="EndDriver" finished-at="2023-09-02T19:57:34 KST" duration-ms="496" status="PASS">
          <reporter-output>
          </reporter-output>
        </test-method> <!-- EndDriver -->
      </class> <!-- Tranggle_App.Normal_Login -->
      <class name="Tranggle_App.App_Permission_Check">
        <test-method is-config="true" signature="SetDriver()[pri:0, instance:Tranggle_App.App_Permission_Check@6bd61f98]" started-at="2023-09-02T19:55:53 KST" name="SetDriver" finished-at="2023-09-02T19:56:02 KST" duration-ms="8306" status="PASS">
          <reporter-output>
          </reporter-output>
        </test-method> <!-- SetDriver -->
        <test-method signature="App_Permission_Check_Test()[pri:0, instance:Tranggle_App.App_Permission_Check@6bd61f98]" started-at="2023-09-02T19:56:02 KST" name="App_Permission_Check_Test" finished-at="2023-09-02T19:56:44 KST" duration-ms="41760" status="PASS">
          <reporter-output>
          </reporter-output>
        </test-method> <!-- App_Permission_Check_Test -->
        <test-method is-config="true" signature="EndDriver()[pri:0, instance:Tranggle_App.App_Permission_Check@6bd61f98]" started-at="2023-09-02T19:56:44 KST" name="EndDriver" finished-at="2023-09-02T19:57:08 KST" duration-ms="24111" status="PASS">
          <reporter-output>
          </reporter-output>
        </test-method> <!-- EndDriver -->
      </class> <!-- Tranggle_App.App_Permission_Check -->
      <class name="Tranggle_App.Do_not_Watch_Front_Popup_Check">
        <test-method is-config="true" signature="SetDriver()[pri:0, instance:Tranggle_App.Do_not_Watch_Front_Popup_Check@783a467b]" started-at="2023-09-02T19:57:52 KST" name="SetDriver" finished-at="2023-09-02T19:57:58 KST" duration-ms="5767" status="PASS">
          <reporter-output>
          </reporter-output>
        </test-method> <!-- SetDriver -->
        <test-method signature="Do_not_Watch_Front_Popup_Check_Test()[pri:0, instance:Tranggle_App.Do_not_Watch_Front_Popup_Check@783a467b]" started-at="2023-09-02T19:57:58 KST" name="Do_not_Watch_Front_Popup_Check_Test" finished-at="2023-09-02T19:58:26 KST" duration-ms="27644" status="PASS">
          <reporter-output>
          </reporter-output>
        </test-method> <!-- Do_not_Watch_Front_Popup_Check_Test -->
        <test-method is-config="true" signature="EndDriver()[pri:0, instance:Tranggle_App.Do_not_Watch_Front_Popup_Check@783a467b]" started-at="2023-09-02T19:58:26 KST" name="EndDriver" finished-at="2023-09-02T19:58:26 KST" duration-ms="327" status="PASS">
          <reporter-output>
          </reporter-output>
        </test-method> <!-- EndDriver -->
      </class> <!-- Tranggle_App.Do_not_Watch_Front_Popup_Check -->
      <class name="Tranggle_App.App_Run">
        <test-method is-config="true" signature="SetDriver()[pri:0, instance:Tranggle_App.App_Run@52b1beb6]" started-at="2023-09-02T19:57:08 KST" name="SetDriver" finished-at="2023-09-02T19:57:13 KST" duration-ms="5750" status="PASS">
          <reporter-output>
          </reporter-output>
        </test-method> <!-- SetDriver -->
        <test-method signature="App_Run_Test()[pri:0, instance:Tranggle_App.App_Run@52b1beb6]" started-at="2023-09-02T19:57:13 KST" name="App_Run_Test" finished-at="2023-09-02T19:57:15 KST" duration-ms="2068" status="PASS">
          <reporter-output>
          </reporter-output>
        </test-method> <!-- App_Run_Test -->
        <test-method is-config="true" signature="EndDriver()[pri:0, instance:Tranggle_App.App_Run@52b1beb6]" started-at="2023-09-02T19:57:15 KST" name="EndDriver" finished-at="2023-09-02T19:57:16 KST" duration-ms="398" status="PASS">
          <reporter-output>
          </reporter-output>
        </test-method> <!-- EndDriver -->
      </class> <!-- Tranggle_App.App_Run -->
      <class name="Tranggle_App.Front_Popup_Close">
        <test-method is-config="true" signature="SetDriver()[pri:0, instance:Tranggle_App.Front_Popup_Close@7db12bb6]" started-at="2023-09-02T19:57:34 KST" name="SetDriver" finished-at="2023-09-02T19:57:39 KST" duration-ms="5821" status="PASS">
          <reporter-output>
          </reporter-output>
        </test-method> <!-- SetDriver -->
        <test-method signature="Front_Popup_Close_Test()[pri:0, instance:Tranggle_App.Front_Popup_Close@7db12bb6]" started-at="2023-09-02T19:57:39 KST" name="Front_Popup_Close_Test" finished-at="2023-09-02T19:57:52 KST" duration-ms="12339" status="PASS">
          <reporter-output>
          </reporter-output>
        </test-method> <!-- Front_Popup_Close_Test -->
        <test-method is-config="true" signature="EndDriver()[pri:0, instance:Tranggle_App.Front_Popup_Close@7db12bb6]" started-at="2023-09-02T19:57:52 KST" name="EndDriver" finished-at="2023-09-02T19:57:52 KST" duration-ms="400" status="PASS">
          <reporter-output>
          </reporter-output>
        </test-method> <!-- EndDriver -->
      </class> <!-- Tranggle_App.Front_Popup_Close -->
      <class name="Tranggle_App.Kakao_Login">
        <test-method is-config="true" signature="SetDriver()[pri:0, instance:Tranggle_App.Kakao_Login@73e9cf30]" started-at="2023-09-02T19:58:47 KST" name="SetDriver" finished-at="2023-09-02T19:58:53 KST" duration-ms="5799" status="PASS">
          <reporter-output>
          </reporter-output>
        </test-method> <!-- SetDriver -->
        <test-method signature="Kakao_Login_Test()[pri:0, instance:Tranggle_App.Kakao_Login@73e9cf30]" started-at="2023-09-02T19:58:53 KST" name="Kakao_Login_Test" finished-at="2023-09-02T19:59:07 KST" duration-ms="14357" status="PASS">
          <reporter-output>
          </reporter-output>
        </test-method> <!-- Kakao_Login_Test -->
        <test-method is-config="true" signature="EndDriver()[pri:0, instance:Tranggle_App.Kakao_Login@73e9cf30]" started-at="2023-09-02T19:59:07 KST" name="EndDriver" finished-at="2023-09-02T19:59:08 KST" duration-ms="474" status="PASS">
          <reporter-output>
          </reporter-output>
        </test-method> <!-- EndDriver -->
      </class> <!-- Tranggle_App.Kakao_Login -->
    </test> <!-- Tranggle_App -->
  </suite> <!-- All Test Suite -->
</testng-results>
